<?xml version="1.0" encoding="UTF-8"?>
<!-- Generated by org.testng.reporters.JUnitReportReporter -->
<testsuite skipped="1" hostname="DESKTOP-VQ12T10" name="com.Selenium_Automation.travel.test.TC1" tests="2" failures="0" timestamp="09 Jan 2018 17:35:21 GMT" time="0.134" errors="1">
  <testcase name="beforetest" time="0.134" classname="com.Selenium_Automation.travel.test.TC1">
    <error type="java.io.FileNotFoundException" message="C:\Users\Manoj Kumar Rana\git\pomproject\Complete_Hybrid_Proj\src\com\Gmaillogin\Propertiesfiles\login.properties (The system cannot find the path specified)">
      <![CDATA[java.io.FileNotFoundException: C:\Users\Manoj Kumar Rana\git\pomproject\Complete_Hybrid_Proj\src\com\Gmaillogin\Propertiesfiles\login.properties (The system cannot find the path specified)at java.io.FileInputStream.open0(Native Method)at java.io.FileInputStream.open(FileInputStream.java:195)at java.io.FileInputStream.<init>(FileInputStream.java:138)at com.Selenium_Automation.travel.base.po.BasePO.loadPropertiFiles(BasePO.java:36)at com.Selenium_Automation.travel.base.po.BasePO.<init>(BasePO.java:30)at com.Selenium_Automation.travel.login.po.AdminloginPO.<init>(AdminloginPO.java:18)at com.Selenium_Automation_Admin._BASuite_Administration.beforetest(_BASuite_Administration.java:31)at sun.reflect.NativeMethodAccessorImpl.invoke0(Native Method)at sun.reflect.NativeMethodAccessorImpl.invoke(NativeMethodAccessorImpl.java:62)at sun.reflect.DelegatingMethodAccessorImpl.invoke(DelegatingMethodAccessorImpl.java:43)at java.lang.reflect.Method.invoke(Method.java:498)at org.testng.internal.MethodInvocationHelper.invokeMethod(MethodInvocationHelper.java:124)at org.testng.internal.MethodInvocationHelper.invokeMethodConsideringTimeout(MethodInvocationHelper.java:59)at org.testng.internal.Invoker.invokeConfigurationMethod(Invoker.java:451)at org.testng.internal.Invoker.invokeConfigurations(Invoker.java:222)at org.testng.internal.Invoker.invokeConfigurations(Invoker.java:142)at org.testng.internal.TestMethodWorker.invokeBeforeClassMethods(TestMethodWorker.java:163)at org.testng.internal.TestMethodWorker.run(TestMethodWorker.java:105)at org.testng.TestRunner.privateRun(TestRunner.java:648)at org.testng.TestRunner.run(TestRunner.java:505)at org.testng.SuiteRunner.runTest(SuiteRunner.java:455)at org.testng.SuiteRunner.runSequentially(SuiteRunner.java:450)at org.testng.SuiteRunner.privateRun(SuiteRunner.java:415)at org.testng.SuiteRunner.run(SuiteRunner.java:364)at org.testng.SuiteRunnerWorker.runSuite(SuiteRunnerWorker.java:52)at org.testng.SuiteRunnerWorker.run(SuiteRunnerWorker.java:84)at org.testng.TestNG.runSuitesSequentially(TestNG.java:1187)at org.testng.TestNG.runSuitesLocally(TestNG.java:1116)at org.testng.TestNG.runSuites(TestNG.java:1028)at org.testng.TestNG.run(TestNG.java:996)at org.testng.remote.AbstractRemoteTestNG.run(AbstractRemoteTestNG.java:114)at org.testng.remote.RemoteTestNG.initAndRun(RemoteTestNG.java:251)at org.testng.remote.RemoteTestNG.main(RemoteTestNG.java:77)]]>
    </error>
  </testcase> <!-- beforetest -->
  <testcase name="tx1" time="0.000" classname="com.Selenium_Automation.travel.test.TC1">
    <skipped/>
  </testcase> <!-- tx1 -->
</testsuite> <!-- com.Selenium_Automation.travel.test.TC1 -->
