<?xml version="1.0" encoding="UTF-8"?>
<testng-results skipped="1" failed="0" ignored="0" total="1" passed="0">
  <reporter-output>
  </reporter-output>
  <suite name="Suite" duration-ms="31633" started-at="2018-01-09T17:34:48Z" finished-at="2018-01-09T17:35:20Z">
    <groups>
    </groups>
    <test name="Test" duration-ms="31633" started-at="2018-01-09T17:34:48Z" finished-at="2018-01-09T17:35:20Z">
      <class name="com.Selenium_Automation.travel.test.TC1">
        <test-method status="PASS" signature="beforeTest(org.testng.ITestContext)[pri:0, instance:com.Selenium_Automation.travel.test.TC1@553a3d88]" name="beforeTest" is-config="true" duration-ms="31103" started-at="2018-01-09T23:04:48Z" finished-at="2018-01-09T23:05:19Z">
          <params>
            <param index="0">
              <value>
                <![CDATA[org.testng.TestRunner@5852c06f]]>
              </value>
            </param>
          </params>
          <reporter-output>
          </reporter-output>
        </test-method> <!-- beforeTest -->
        <test-method status="FAIL" signature="beforetest(org.testng.ITestContext)[pri:0, instance:com.Selenium_Automation.travel.test.TC1@553a3d88]" name="beforetest" is-config="true" duration-ms="134" started-at="2018-01-09T23:05:20Z" finished-at="2018-01-09T23:05:20Z">
          <params>
            <param index="0">
              <value>
                <![CDATA[org.testng.TestRunner@5852c06f]]>
              </value>
            </param>
          </params>
          <exception class="java.io.FileNotFoundException">
            <message>
              <![CDATA[C:\Users\Manoj Kumar Rana\git\pomproject\Complete_Hybrid_Proj\src\com\Gmaillogin\Propertiesfiles\login.properties (The system cannot find the path specified)]]>
            </message>
            <full-stacktrace>
              <![CDATA[java.io.FileNotFoundException: C:\Users\Manoj Kumar Rana\git\pomproject\Complete_Hybrid_Proj\src\com\Gmaillogin\Propertiesfiles\login.properties (The system cannot find the path specified)at java.io.FileInputStream.open0(Native Method)at java.io.FileInputStream.open(FileInputStream.java:195)at java.io.FileInputStream.<init>(FileInputStream.java:138)at com.Selenium_Automation.travel.base.po.BasePO.loadPropertiFiles(BasePO.java:36)at com.Selenium_Automation.travel.base.po.BasePO.<init>(BasePO.java:30)at com.Selenium_Automation.travel.login.po.AdminloginPO.<init>(AdminloginPO.java:18)at com.Selenium_Automation_Admin._BASuite_Administration.beforetest(_BASuite_Administration.java:31)at sun.reflect.NativeMethodAccessorImpl.invoke0(Native Method)at sun.reflect.NativeMethodAccessorImpl.invoke(NativeMethodAccessorImpl.java:62)at sun.reflect.DelegatingMethodAccessorImpl.invoke(DelegatingMethodAccessorImpl.java:43)at java.lang.reflect.Method.invoke(Method.java:498)at org.testng.internal.MethodInvocationHelper.invokeMethod(MethodInvocationHelper.java:124)at org.testng.internal.MethodInvocationHelper.invokeMethodConsideringTimeout(MethodInvocationHelper.java:59)at org.testng.internal.Invoker.invokeConfigurationMethod(Invoker.java:451)at org.testng.internal.Invoker.invokeConfigurations(Invoker.java:222)at org.testng.internal.Invoker.invokeConfigurations(Invoker.java:142)at org.testng.internal.TestMethodWorker.invokeBeforeClassMethods(TestMethodWorker.java:163)at org.testng.internal.TestMethodWorker.run(TestMethodWorker.java:105)at org.testng.TestRunner.privateRun(TestRunner.java:648)at org.testng.TestRunner.run(TestRunner.java:505)at org.testng.SuiteRunner.runTest(SuiteRunner.java:455)at org.testng.SuiteRunner.runSequentially(SuiteRunner.java:450)at org.testng.SuiteRunner.privateRun(SuiteRunner.java:415)at org.testng.SuiteRunner.run(SuiteRunner.java:364)at org.testng.SuiteRunnerWorker.runSuite(SuiteRunnerWorker.java:52)at org.testng.SuiteRunnerWorker.run(SuiteRunnerWorker.java:84)at org.testng.TestNG.runSuitesSequentially(TestNG.java:1187)at org.testng.TestNG.runSuitesLocally(TestNG.java:1116)at org.testng.TestNG.runSuites(TestNG.java:1028)at org.testng.TestNG.run(TestNG.java:996)at org.testng.remote.AbstractRemoteTestNG.run(AbstractRemoteTestNG.java:114)at org.testng.remote.RemoteTestNG.initAndRun(RemoteTestNG.java:251)at org.testng.remote.RemoteTestNG.main(RemoteTestNG.java:77)]]>
            </full-stacktrace>
          </exception> <!-- java.io.FileNotFoundException -->
          <reporter-output>
          </reporter-output>
        </test-method> <!-- beforetest -->
        <test-method status="SKIP" signature="tx1()[pri:0, instance:com.Selenium_Automation.travel.test.TC1@553a3d88]" name="tx1" duration-ms="0" started-at="2018-01-09T23:05:20Z" finished-at="2018-01-09T23:05:20Z">
          <exception class="java.io.FileNotFoundException">
            <message>
              <![CDATA[C:\Users\Manoj Kumar Rana\git\pomproject\Complete_Hybrid_Proj\src\com\Gmaillogin\Propertiesfiles\login.properties (The system cannot find the path specified)]]>
            </message>
            <full-stacktrace>
              <![CDATA[java.io.FileNotFoundException: C:\Users\Manoj Kumar Rana\git\pomproject\Complete_Hybrid_Proj\src\com\Gmaillogin\Propertiesfiles\login.properties (The system cannot find the path specified)at java.io.FileInputStream.open0(Native Method)at java.io.FileInputStream.open(FileInputStream.java:195)at java.io.FileInputStream.<init>(FileInputStream.java:138)at com.Selenium_Automation.travel.base.po.BasePO.loadPropertiFiles(BasePO.java:36)at com.Selenium_Automation.travel.base.po.BasePO.<init>(BasePO.java:30)at com.Selenium_Automation.travel.login.po.AdminloginPO.<init>(AdminloginPO.java:18)at com.Selenium_Automation_Admin._BASuite_Administration.beforetest(_BASuite_Administration.java:31)at sun.reflect.NativeMethodAccessorImpl.invoke0(Native Method)at sun.reflect.NativeMethodAccessorImpl.invoke(NativeMethodAccessorImpl.java:62)at sun.reflect.DelegatingMethodAccessorImpl.invoke(DelegatingMethodAccessorImpl.java:43)at java.lang.reflect.Method.invoke(Method.java:498)at org.testng.internal.MethodInvocationHelper.invokeMethod(MethodInvocationHelper.java:124)at org.testng.internal.MethodInvocationHelper.invokeMethodConsideringTimeout(MethodInvocationHelper.java:59)at org.testng.internal.Invoker.invokeConfigurationMethod(Invoker.java:451)at org.testng.internal.Invoker.invokeConfigurations(Invoker.java:222)at org.testng.internal.Invoker.invokeConfigurations(Invoker.java:142)at org.testng.internal.TestMethodWorker.invokeBeforeClassMethods(TestMethodWorker.java:163)at org.testng.internal.TestMethodWorker.run(TestMethodWorker.java:105)at org.testng.TestRunner.privateRun(TestRunner.java:648)at org.testng.TestRunner.run(TestRunner.java:505)at org.testng.SuiteRunner.runTest(SuiteRunner.java:455)at org.testng.SuiteRunner.runSequentially(SuiteRunner.java:450)at org.testng.SuiteRunner.privateRun(SuiteRunner.java:415)at org.testng.SuiteRunner.run(SuiteRunner.java:364)at org.testng.SuiteRunnerWorker.runSuite(SuiteRunnerWorker.java:52)at org.testng.SuiteRunnerWorker.run(SuiteRunnerWorker.java:84)at org.testng.TestNG.runSuitesSequentially(TestNG.java:1187)at org.testng.TestNG.runSuitesLocally(TestNG.java:1116)at org.testng.TestNG.runSuites(TestNG.java:1028)at org.testng.TestNG.run(TestNG.java:996)at org.testng.remote.AbstractRemoteTestNG.run(AbstractRemoteTestNG.java:114)at org.testng.remote.RemoteTestNG.initAndRun(RemoteTestNG.java:251)at org.testng.remote.RemoteTestNG.main(RemoteTestNG.java:77)]]>
            </full-stacktrace>
          </exception> <!-- java.io.FileNotFoundException -->
          <reporter-output>
          </reporter-output>
        </test-method> <!-- tx1 -->
        <test-method status="SKIP" signature="afterTest()[pri:0, instance:com.Selenium_Automation.travel.test.TC1@553a3d88]" name="afterTest" is-config="true" duration-ms="0" started-at="2018-01-09T23:05:20Z" finished-at="2018-01-09T23:05:20Z">
          <reporter-output>
          </reporter-output>
        </test-method> <!-- afterTest -->
      </class> <!-- com.Selenium_Automation.travel.test.TC1 -->
    </test> <!-- Test -->
  </suite> <!-- Suite -->
</testng-results>
