<?xml version="1.0" encoding="UTF-8"?>
<!-- Generated by org.testng.reporters.JUnitXMLReporter -->
<testsuite hostname="DESKTOP-VQ12T10" ignored="0" name="Test" tests="1" failures="0" timestamp="09 Jan 2018 17:35:20 GMT" time="31.633" errors="0">
  <testcase name="@BeforeClass beforetest" time="0.134" classname="com.Selenium_Automation_Admin._BASuite_Administration">
    <failure type="java.io.FileNotFoundException" message="C:\Users\Manoj Kumar Rana\git\pomproject\Complete_Hybrid_Proj\src\com\Gmaillogin\Propertiesfiles\login.properties (The system cannot find the path specified)">
      <![CDATA[java.io.FileNotFoundException: C:\Users\Manoj Kumar Rana\git\pomproject\Complete_Hybrid_Proj\src\com\Gmaillogin\Propertiesfiles\login.properties (The system cannot find the path specified)at java.io.FileInputStream.open0(Native Method)at java.io.FileInputStream.open(FileInputStream.java:195)at java.io.FileInputStream.<init>(FileInputStream.java:138)at com.Selenium_Automation.travel.base.po.BasePO.loadPropertiFiles(BasePO.java:36)at com.Selenium_Automation.travel.base.po.BasePO.<init>(BasePO.java:30)at com.Selenium_Automation.travel.login.po.AdminloginPO.<init>(AdminloginPO.java:18)at com.Selenium_Automation_Admin._BASuite_Administration.beforetest(_BASuite_Administration.java:31)... Removed 26 stack frames]]>
    </failure>
  </testcase> <!-- @BeforeClass beforetest -->
  <testcase name="@AfterTest afterTest" time="0.0" classname="com.Selenium_Automation.travel.test.BaseTest">
    <skipped/>
  </testcase> <!-- @AfterTest afterTest -->
  <testcase name="tx1" time="0.0" classname="com.Selenium_Automation.travel.test.TC1">
    <skipped/>
  </testcase> <!-- tx1 -->
</testsuite> <!-- Test -->
